<?xml version="1.0" encoding="UTF-8"?>
<testng-results ignored="0" total="1" passed="1" failed="0" skipped="0">
  <reporter-output>
  </reporter-output>
  <suite started-at="2021-07-18T07:45:06Z" name="Suite" finished-at="2021-07-18T07:45:11Z" duration-ms="5504">
    <groups>
    </groups>
    <test started-at="2021-07-18T07:45:06Z" name="Test" finished-at="2021-07-18T07:45:11Z" duration-ms="5504">
      <class name="testcases.PurchaseTest">
        <test-method is-config="true" signature="preConfig(java.lang.String)[pri:0, instance:testcases.PurchaseTest@58d75e99]" started-at="2021-07-18T07:45:06Z" name="preConfig" finished-at="2021-07-18T07:45:09Z" duration-ms="3408" status="PASS">
          <params>
            <param index="0">
              <value>
                <![CDATA[chrome]]>
              </value>
            </param>
          </params>
          <reporter-output>
          </reporter-output>
        </test-method> <!-- preConfig -->
        <test-method signature="test()[pri:0, instance:testcases.PurchaseTest@58d75e99]" started-at="2021-07-18T07:45:09Z" name="test" finished-at="2021-07-18T07:45:11Z" duration-ms="2087" status="PASS">
          <reporter-output>
          </reporter-output>
        </test-method> <!-- test -->
        <test-method is-config="true" signature="AfterTest()[pri:0, instance:testcases.PurchaseTest@58d75e99]" started-at="2021-07-18T07:45:11Z" name="AfterTest" finished-at="2021-07-18T07:45:11Z" duration-ms="0" status="PASS">
          <reporter-output>
          </reporter-output>
        </test-method> <!-- AfterTest -->
      </class> <!-- testcases.PurchaseTest -->
    </test> <!-- Test -->
  </suite> <!-- Suite -->
</testng-results>
